"../../../Engine/Content/EditorBlueprintResources/StandardMacros.uasset" 0
"../../../../../../Users/sadiq/UnrealLiveWork/ExptSetup_V03/Content/Blueprints/MotionDataStruct.uasset" 1
"../../../../../../Users/sadiq/UnrealLiveWork/ExptSetup_V03/Plugins/SPPlatformCommunication/Content/BP_SPPlatformCommunicationComponent.uasset" 2
"../../../../../../Users/sadiq/UnrealLiveWork/ExptSetup_V03/Content/Curves/TestRotation.uasset" 3
"../../../Engine/Content/EngineMeshes/SkeletalCube_Skeleton.uasset" 4
"../../../Engine/Content/EngineMeshes/SkeletalCube.uasset" 5
"../../../Engine/Content/EditorSounds/Notifications/CompileFailed.uasset" 6
"../../../../../../Users/sadiq/UnrealLiveWork/ExptSetup_V03/Content/Blueprints/EngineNoise.uasset" 7
"../../../../../../Users/sadiq/UnrealLiveWork/ExptSetup_V03/Content/Blueprints/BP_CarPawn.uasset" 8
"../../../../../../Users/sadiq/UnrealLiveWork/ExptSetup_V03/Content/Blueprints/GI_GameInstanceCustom.uasset" 9
"../../../../../../Users/sadiq/UnrealLiveWork/ExptSetup_V03/Content/Blueprints/BP_PlayerControllerCustom.uasset" 10
"../../../../../../Users/sadiq/UnrealLiveWork/ExptSetup_V03/Content/Blueprints/BP_ExptSetup_V03GameModeBase.uasset" 11
"../../../../../../Users/sadiq/UnrealLiveWork/ExptSetup_V03/Content/Levels/Level_Yaw_NoMotion_BuiltData.uasset" 12
"../../../Engine/Content/Functions/Engine_MaterialFunctions01/Opacity/CameraDepthFade.uasset" 13
"../../../Engine/Content/EngineMaterials/T_Default_Material_Grid_M.uasset" 14
"../../../Engine/Content/EngineMaterials/T_Default_Material_Grid_N.uasset" 15
"../../../Engine/Content/EngineMaterials/WorldGridMaterial.uasset" 16
"../../../Engine/Content/ArtTools/RenderToTexture/Meshes/S_1_Unit_Plane.uasset" 17
"../../../Engine/Content/EngineMaterials/DefaultMaterial.uasset" 18
"../../../Engine/Content/BasicShapes/Cone.uasset" 19
"../../../Engine/Content/BasicShapes/Cube.uasset" 20
"../../../Engine/Content/BasicShapes/Cylinder.uasset" 21
"../../../Engine/Content/BasicShapes/Plane.uasset" 22
"../../../Engine/Content/BasicShapes/Sphere.uasset" 23
"../../../Engine/Content/EditorLandscapeResources/DataLayer.uasset" 24
"../../../Engine/Content/EditorLandscapeResources/DefaultAlphaTexture.uasset" 25
"../../../Engine/Content/EditorMaterials/GizmoMaterial.uasset" 26
"../../../Engine/Content/EditorMaterials/MAT_Groups_Toggle.uasset" 27
"../../../Engine/Content/EditorMaterials/MAT_Groups_Visibility.uasset" 28
"../../../Engine/Content/EditorMaterials/PreviewShadowIndicator.uasset" 29
"../../../Engine/Content/EditorMaterials/PreviewShadowIndicatorMaterial.uasset" 30
"../../../Engine/Content/EditorMaterials/MatineeGroups/MAT_ColorTrack.uasset" 31
"../../../Engine/Content/EditorMaterials/MatineeGroups/MAT_Groups_Anim.uasset" 32
"../../../Engine/Content/EditorMaterials/MatineeGroups/MAT_Groups_AudioMaster.uasset" 33
"../../../Engine/Content/EditorMaterials/MatineeGroups/MAT_Groups_Director.uasset" 34
"../../../Engine/Content/EditorMaterials/MatineeGroups/MAT_Groups_Event.uasset" 35
"../../../Engine/Content/EditorMaterials/MatineeGroups/MAT_Groups_Fade.uasset" 36
"../../../Engine/Content/EditorMaterials/MatineeGroups/MAT_Groups_Float.uasset" 37
"../../../Engine/Content/EditorMaterials/MatineeGroups/MAT_Groups_Move.uasset" 38
"../../../Engine/Content/EditorMaterials/MatineeGroups/MAT_Groups_Slomo.uasset" 39
"../../../Engine/Content/EditorMaterials/MatineeGroups/MAT_Groups_Sound.uasset" 40
"../../../Engine/Content/EditorMaterials/MatineeGroups/MAT_Groups_Vector.uasset" 41
"../../../Engine/Content/EditorMaterials/ParticleSystems/PSysThumbnail_NoImage.uasset" 42
"../../../Engine/Content/EditorMaterials/ParticleSystems/PSysThumbnail_OOD.uasset" 43
"../../../Engine/Content/EditorMaterials/Camera/CineMat.uasset" 44
"../../../Engine/Content/EditorMaterials/Camera/MI_CineMat_Rig.uasset" 45
"../../../Engine/Content/EditorMeshes/Camera/SM_CraneRig_Arm.uasset" 46
"../../../Engine/Content/EditorMeshes/Camera/SM_CraneRig_Base.uasset" 47
"../../../Engine/Content/EditorMeshes/Camera/SM_CraneRig_Body.uasset" 48
"../../../Engine/Content/EditorMeshes/Camera/SM_CraneRig_Mount.uasset" 49
"../../../Engine/Content/EditorMeshes/Camera/SM_RailRig_Mount.uasset" 50
"../../../Engine/Content/EditorMeshes/Camera/SM_RailRig_Track.uasset" 51
"../../../Engine/Content/EditorResources/BSPVertex.uasset" 52
"../../../Engine/Content/EditorResources/EmptyActor.uasset" 53
"../../../Engine/Content/EditorResources/S_Actor.uasset" 54
"../../../Engine/Content/EditorResources/S_Terrain.uasset" 55
"../../../Engine/Content/EditorResources/S_Trigger.uasset" 56
"../../../Engine/Content/EditorResources/LightIcons/S_LightError.uasset" 57
"../../../Engine/Content/EditorResources/SequenceRecorder/Countdown.uasset" 58
"../../../Engine/Content/EditorResources/SequenceRecorder/RecordingIndicator.uasset" 59
"../../../Engine/Content/EditorSounds/Notifications/CompileFailed_Cue.uasset" 60
"../../../Engine/Content/EditorSounds/Notifications/CompileSuccess.uasset" 61
"../../../Engine/Content/EditorSounds/Notifications/CompileStart_Cue.uasset" 62
"../../../Engine/Content/EditorSounds/Notifications/CompileSuccess_Cue.uasset" 63
"../../../Engine/Content/EngineDamageTypes/DmgTypeBP_Environmental.uasset" 64
"../../../Engine/Content/EngineDebugMaterials/HeatmapGradient.uasset" 65
"../../../Engine/Content/EngineDebugMaterials/BoneWeightMaterial.uasset" 66
"../../../Engine/Content/EngineDebugMaterials/ClothMaterial.uasset" 67
"../../../Engine/Content/EngineDebugMaterials/ClothMaterial_WF.uasset" 68
"../../../Engine/Content/EngineDebugMaterials/DebugEditorMaterial.uasset" 69
"../../../Engine/Content/EngineDebugMaterials/DebugMeshMaterial.uasset" 70
"../../../Engine/Content/EngineDebugMaterials/GeomMaterial.uasset" 71
"../../../Engine/Content/EngineDebugMaterials/M_SimpleTranslucent.uasset" 72
"../../../Engine/Content/EngineFonts/Faces/RobotoBold.uasset" 73
"../../../Engine/Content/EngineFonts/Faces/RobotoBoldItalic.uasset" 74
"../../../Engine/Content/EngineFonts/Faces/RobotoItalic.uasset" 75
"../../../Engine/Content/EngineFonts/Faces/RobotoLight.uasset" 76
"../../../Engine/Content/EngineFonts/Faces/RobotoRegular.uasset" 77
"../../../Engine/Content/EngineFonts/Roboto.uasset" 78
"../../../Engine/Content/EngineFonts/Faces/RobotoTiny.uasset" 79
"../../../Engine/Content/EngineFonts/RobotoTiny.uasset" 80
"../../../Engine/Content/EngineMaterials/BaseFlattenDiffuseMap.uasset" 81
"../../../Engine/Content/EngineMaterials/BaseFlattenEmissiveMap.uasset" 82
"../../../Engine/Content/EngineMaterials/BaseFlattenGrayscaleMap.uasset" 83
"../../../Engine/Content/EngineMaterials/BaseFlattenNormalMap.uasset" 84
"../../../Engine/Content/EngineMaterials/BaseFlattenMaterial.uasset" 85
"../../../Engine/Content/EngineMaterials/DefaultBloomKernel.uasset" 86
"../../../Engine/Content/EngineMaterials/DefaultBokeh.uasset" 87
"../../../Engine/Content/EngineMaterials/DefaultDiffuse.uasset" 88
"../../../Engine/Content/EngineMaterials/DefaultDeferredDecalMaterial.uasset" 89
"../../../Engine/Content/EngineMaterials/DefaultLightFunctionMaterial.uasset" 90
"../../../Engine/Content/Functions/Engine_MaterialFunctions02/Utility/BreakOutFloat2Components.uasset" 91
"../../../Engine/Content/EngineMaterials/DefaultPostProcessMaterial.uasset" 92
"../../../Engine/Content/EngineFonts/RobotoDistanceField.uasset" 93
"../../../Engine/Content/EngineMaterials/DefaultTextMaterialOpaque.uasset" 94
"../../../Engine/Content/EngineMaterials/DefaultWhiteGrid.uasset" 95
"../../../Engine/Content/EngineMaterials/EditorBrushMaterial.uasset" 96
"../../../Engine/Content/EngineMaterials/Good64x64TilingNoiseHighFreq.uasset" 97
"../../../Engine/Content/EngineMaterials/MiniFont.uasset" 98
"../../../Engine/Content/EngineMaterials/InvalidLightmapSettings.uasset" 99
"../../../Engine/Content/EngineMaterials/M_InvalidLightmapSettings.uasset" 100
"../../../Engine/Content/Functions/Engine_MaterialFunctions02/WorldPositionOffset/CameraOffset.uasset" 101
"../../../Engine/Content/EngineMaterials/PhAT_JointLimitMaterial.uasset" 102
"../../../Engine/Content/EngineMaterials/PreintegratedSkinBRDF.uasset" 103
"../../../Engine/Content/EngineMaterials/RemoveSurfaceMaterial.uasset" 104
"../../../Engine/Content/EngineMaterials/WeightMapPlaceholderTexture.uasset" 105
"../../../Engine/Content/EngineResources/WhiteSquareTexture.uasset" 106
"../../../Engine/Content/EngineMaterials/Widget3DPassThrough.uasset" 107
"../../../Engine/Content/EngineMaterials/Widget3DPassThrough_Masked.uasset" 108
"../../../Engine/Content/EngineMaterials/Widget3DPassThrough_Opaque.uasset" 109
"../../../Engine/Content/EngineMaterials/Widget3DPassThrough_Masked_OneSided.uasset" 110
"../../../Engine/Content/EngineMaterials/Widget3DPassThrough_Opaque_OneSided.uasset" 111
"../../../Engine/Content/EngineMaterials/Widget3DPassThrough_Translucent.uasset" 112
"../../../Engine/Content/EngineMaterials/Widget3DPassThrough_Translucent_OneSided.uasset" 113
"../../../Engine/Content/EngineMeshes/Cylinder.uasset" 114
"../../../Engine/Content/EngineMeshes/Sphere.uasset" 115
"../../../Engine/Content/EngineResources/Black.uasset" 116
"../../../Engine/Content/EngineResources/DefaultTexture.uasset" 117
"../../../Engine/Content/EngineResources/DefaultTextureCube.uasset" 118
"../../../Engine/Content/EngineResources/DefaultVolumeTexture2D.uasset" 119
"../../../Engine/Content/EngineResources/DefaultVolumeTexture.uasset" 120
"../../../Engine/Content/EngineResources/GradientTexture0.uasset" 121
"../../../Engine/Content/EngineSounds/Master.uasset" 122
"../../../Engine/Content/Functions/Engine_MaterialFunctions01/Shading/ConvertFromDiffSpec.uasset" 123
"../../../Engine/Content/Functions/Engine_MaterialFunctions01/Shading/PowerToRoughness.uasset" 124
"../../../Engine/Content/Maps/Templates/Thumbnails/Default.uasset" 125
"../../../Engine/Content/Maps/Templates/Thumbnails/VR-Basic.uasset" 126
"../../../Engine/Content/MobileResources/T_MobileControls_texture.uasset" 127
"../../../Engine/Content/MobileResources/T_MobileMenu2.uasset" 128
"../../../Engine/Content/MobileResources/HUD/AnalogHat.uasset" 129
"../../../Engine/Content/MobileResources/HUD/VirtualJoystick_Background.uasset" 130
"../../../Engine/Content/MobileResources/HUD/VirtualJoystick_Thumb.uasset" 131
"../../../Engine/Content/MobileResources/HUD/DefaultVirtualJoysticks.uasset" 132
"../../../Engine/Content/MobileResources/HUD/LeftVirtualJoystickOnly.uasset" 133
"../../../Engine/Content/MobileResources/HUD/MobileHUDButton1_off.uasset" 134
"../../../Engine/Content/MobileResources/HUD/MobileHUDButton1_on.uasset" 135
"../../../Engine/Content/MobileResources/HUD/MobileHUDButton2_off.uasset" 136
"../../../Engine/Content/MobileResources/HUD/MobileHUDButton2_on.uasset" 137
"../../../Engine/Content/MobileResources/HUD/MobileHUDButton3.uasset" 138
"../../../Engine/Content/MobileResources/HUD/MobileHUDButtonFire.uasset" 139
"../../../Engine/Content/MobileResources/HUD/MobileHUDDirectionPad.uasset" 140
"../../../Engine/Content/MobileResources/HUD/MobileHUDDirectionPad2.uasset" 141
"../../../Engine/Content/MobileResources/HUD/MobileHUDDirectionPad3.uasset" 142
"../../../Engine/Content/MobileResources/HUD/MobileHUDDirectionStick.uasset" 143
"../../../Engine/Content/MobileResources/HUD/T_Castle_ThumbstickInner.uasset" 144
"../../../Engine/Content/MobileResources/HUD/T_Castle_ThumbstickOutter.uasset" 145
"../../../Engine/Content/Tutorial/ContentIntroCurve.uasset" 146
"../../../Engine/Content/Tutorial/Basics/TutorialAssets/icon_tab_Levels_40x.uasset" 147
"../../../Engine/Content/Tutorial/BlueprintTutorials/TutorialAssets/Blueprint_64x.uasset" 148
"../../../Engine/Content/VREditor/LaserPointer/VR_LaserPower_01.uasset" 149
"../../../Engine/Content/VREditor/TransformGizmo/TransformGizmoMaterial.uasset" 150
"../../../Engine/Content/VREditor/TransformGizmo/TranslucentTransformGizmoMaterial.uasset" 151
"../../../Engine/Content/VREditor/TransformGizmo/BoundingBoxCorner.uasset" 152
"../../../Engine/Content/VREditor/TransformGizmo/BoundingBoxEdge.uasset" 153
"../../../Engine/Content/VREditor/TransformGizmo/PlaneTranslationHandle.uasset" 154
"../../../Engine/Content/VREditor/TransformGizmo/Main.uasset" 155
"../../../Engine/Content/VREditor/TransformGizmo/Xray.uasset" 156
"../../../Engine/Content/VREditor/TransformGizmo/SM_Sequencer_Key.uasset" 157
"../../../Engine/Content/VREditor/TransformGizmo/SM_Sequencer_Node.uasset" 158
"../../Plugins/2D/Paper2D/Content/PlaceholderTextures/DummySpriteTexture.uasset" 159
"../../Plugins/2D/Paper2D/Content/DummySprite.uasset" 160
"../../Plugins/2D/Paper2D/Content/DefaultPaperTerrainMaterial.uasset" 161
"../../Plugins/2D/Paper2D/Content/DefaultSpriteMaterial.uasset" 162
"../../Plugins/2D/Paper2D/Content/MaskedUnlitSpriteMaterial.uasset" 163
"../../Plugins/2D/Paper2D/Content/OpaqueUnlitSpriteMaterial.uasset" 164
"../../../Engine/Content/Functions/Engine_MaterialFunctions01/Texturing/FlattenNormal.uasset" 165
"../../../Engine/Content/EngineMaterials/FlatNormal.uasset" 166
"../../Plugins/Enterprise/DatasmithContent/Content/Materials/CE_BaseMaster.uasset" 167
"../../Plugins/Enterprise/DatasmithContent/Content/Materials/CE_OpacityMaster.uasset" 168
"../../Plugins/Enterprise/DatasmithContent/Content/Materials/CE_OpacitySimpleMaster.uasset" 169
"../../Plugins/Enterprise/DatasmithContent/Content/Materials/CE_OpaqueMaster.uasset" 170
"../../../Engine/Content/Functions/Engine_MaterialFunctions01/Texturing/ComputeMipLevel.uasset" 171
"../../../Engine/Content/Functions/Engine_MaterialFunctions01/Texturing/TextureCropping.uasset" 172
"../../../Engine/Content/Functions/Engine_MaterialFunctions02/Utility/BreakOutFloat3Components.uasset" 173
"../../../Engine/Content/Functions/Engine_MaterialFunctions02/ExampleContent/DebugNumberStrip.uasset" 174
"../../../Engine/Content/Functions/Engine_MaterialFunctions02/ExampleContent/Textures/DebugNumberPeriod.uasset" 175
"../../../Engine/Content/Functions/Engine_MaterialFunctions02/Utility/DebugScalarValues.uasset" 176
"../../../Engine/Content/Functions/Engine_MaterialFunctions02/Utility/DebugFloat3Values.uasset" 177
"../../../Engine/Content/Functions/Engine_MaterialFunctions02/Utility/MakeFloat3.uasset" 178
"../../../Engine/Content/Functions/Engine_MaterialFunctions02/Math/RGBtoHSV.uasset" 179
"../../Plugins/Enterprise/DatasmithContent/Content/Materials/Datasmith_Color.uasset" 180
"../../../Engine/Content/Functions/Engine_MaterialFunctions02/ExampleContent/Textures/flipbook.uasset" 181
"../../Plugins/Enterprise/DatasmithContent/Content/Materials/ExtractColor.uasset" 182
"../../Plugins/Enterprise/DatasmithContent/Content/Materials/TileMirrorAxis.uasset" 183
"../../../Engine/Content/Functions/Engine_MaterialFunctions02/Texturing/CustomRotator.uasset" 184
"../../Plugins/Enterprise/DatasmithContent/Content/Materials/UVEdit.uasset" 185
"../../Plugins/Enterprise/DatasmithContent/Content/Materials/Datasmith_Material.uasset" 186
"../../../Engine/Content/Functions/Engine_MaterialFunctions03/Procedurals/NormalFromHeightmap.uasset" 187
"../../../Engine/Content/ArtTools/RenderToTexture/Textures/127grey.uasset" 188
"../../Plugins/Enterprise/DatasmithContent/Content/Materials/RevitMaster.uasset" 189
"../../Plugins/Enterprise/DatasmithContent/Content/Materials/SketchUpMaster.uasset" 190
"../../Plugins/Enterprise/DatasmithContent/Content/Materials/FBXImporter/DeltaGenUVEdit.uasset" 191
"../../Plugins/Enterprise/DatasmithContent/Content/Materials/FBXImporter/DeltaGenBase.uasset" 192
"../../../Engine/Content/EngineMaterials/T_Default_Normal.uasset" 193
"../../Plugins/Enterprise/DatasmithContent/Content/Materials/FBXImporter/DeltaGenMaster.uasset" 194
"../../Plugins/Enterprise/DatasmithContent/Content/Materials/FBXImporter/DeltaGenMasterTransparent.uasset" 195
"../../Plugins/Enterprise/DatasmithContent/Content/Materials/FBXImporter/VREDUVEdit.uasset" 196
"../../Plugins/Enterprise/DatasmithContent/Content/Materials/FBXImporter/VREDBase.uasset" 197
"../../Plugins/Enterprise/DatasmithContent/Content/Materials/FBXImporter/VREDMaster.uasset" 198
"../../Plugins/Enterprise/DatasmithContent/Content/Materials/FBXImporter/VREDMasterTransparent.uasset" 199
"../../Plugins/Runtime/Oculus/OculusVR/Content/Materials/PokeAHoleMaterial.uasset" 200
"../../Plugins/Runtime/Oculus/OculusVR/Content/Textures/GearVRController_AO.uasset" 201
"../../Plugins/Runtime/Oculus/OculusVR/Content/Textures/GearVRController_Color.uasset" 202
"../../Plugins/Runtime/Oculus/OculusVR/Content/Textures/GearVRController_Normal.uasset" 203
"../../Plugins/Runtime/Oculus/OculusVR/Content/Materials/GearVRControllerMaterial.uasset" 204
"../../Plugins/Runtime/Oculus/OculusVR/Content/Meshes/GearVrController.uasset" 205
"../../Plugins/Runtime/Oculus/OculusVR/Content/Textures/touchController_albedo.uasset" 206
"../../Plugins/Runtime/Oculus/OculusVR/Content/Textures/touchController_controlmap.uasset" 207
"../../Plugins/Runtime/Oculus/OculusVR/Content/Materials/touchController_mat.uasset" 208
"../../Plugins/Runtime/Oculus/OculusVR/Content/Meshes/LeftTouchController.uasset" 209
"../../Plugins/Runtime/Oculus/OculusVR/Content/Meshes/RiftHMD.uasset" 210
"../../Plugins/Runtime/Oculus/OculusVR/Content/Meshes/RightTouchController.uasset" 211
"../../../../../../Users/sadiq/UnrealLiveWork/ExptSetup_V03/Content/Levels/Credits_BuiltData.uasset" 212
"../../../../../../Users/sadiq/UnrealLiveWork/ExptSetup_V03/Content/Levels/Credits.umap" 213
"../../../../../../Users/sadiq/UnrealLiveWork/ExptSetup_V03/Content/MRT/Blueprints/BP_Road_Conn_Parent.uasset" 214
"../../../Engine/Content/Functions/Engine_MaterialFunctions01/Gradient/LinearGradient.uasset" 215
"../../../Engine/Content/Functions/Engine_MaterialFunctions01/ImageAdjustment/CheapContrast.uasset" 216
"../../../Engine/Content/Functions/Engine_MaterialFunctions01/Texturing/WorldAlignedTexture.uasset" 217
"../../../../../../Users/sadiq/UnrealLiveWork/ExptSetup_V03/Content/MRT/Textures/Connections/3Way/1L/MRT_1_Conn_3Way_Line1.uasset" 218
"../../../../../../Users/sadiq/UnrealLiveWork/ExptSetup_V03/Content/MRT/Textures/Connections/3Way/1L/MRT_1_Conn_3Way_Line2.uasset" 219
"../../../../../../Users/sadiq/UnrealLiveWork/ExptSetup_V03/Content/MRT/Textures/Connections/3Way/1L/MRT_1_Conn_3Way_Line3.uasset" 220
"../../../../../../Users/sadiq/UnrealLiveWork/ExptSetup_V03/Content/MRT/Textures/Road_Base/T_Road_Ambient_Occlusion.uasset" 221
"../../../../../../Users/sadiq/UnrealLiveWork/ExptSetup_V03/Content/MRT/Textures/Road_Base/T_Road_Base_Color.uasset" 222
"../../../../../../Users/sadiq/UnrealLiveWork/ExptSetup_V03/Content/MRT/Textures/Road_Base/T_Road_Displacement.uasset" 223
"../../../../../../Users/sadiq/UnrealLiveWork/ExptSetup_V03/Content/MRT/Textures/Road_Base/T_Road_Roughness.uasset" 224
"../../../../../../Users/sadiq/UnrealLiveWork/ExptSetup_V03/Content/MRT/Materials/MRT/Connections/3Way/M_Conn3Way_1L.uasset" 225
"../../../../../../Users/sadiq/UnrealLiveWork/ExptSetup_V03/Content/MRT/Materials/MRT/Connections/3Way/M_Conn3Way_1L_Standard.uasset" 226
"../../../../../../Users/sadiq/UnrealLiveWork/ExptSetup_V03/Content/MRT/Textures/Connections/3Way/2L/MRT_2_Conn_3Way_Line1.uasset" 227
"../../../../../../Users/sadiq/UnrealLiveWork/ExptSetup_V03/Content/MRT/Textures/Connections/3Way/2L/MRT_2_Conn_3Way_Line2.uasset" 228
"../../../../../../Users/sadiq/UnrealLiveWork/ExptSetup_V03/Content/MRT/Textures/Connections/3Way/2L/MRT_2_Conn_3Way_Line3.uasset" 229
"../../../../../../Users/sadiq/UnrealLiveWork/ExptSetup_V03/Content/MRT/Materials/MRT/Connections/3Way/M_Conn3Way_2L.uasset" 230
"../../../../../../Users/sadiq/UnrealLiveWork/ExptSetup_V03/Content/MRT/Materials/MRT/Connections/3Way/M_Conn3Way_2L_Standard.uasset" 231
"../../../../../../Users/sadiq/UnrealLiveWork/ExptSetup_V03/Content/MRT/Textures/Epic/T_Concrete_Panels_D.uasset" 232
"../../../../../../Users/sadiq/UnrealLiveWork/ExptSetup_V03/Content/MRT/Textures/Epic/T_Concrete_Panels_N.uasset" 233
"../../../../../../Users/sadiq/UnrealLiveWork/ExptSetup_V03/Content/MRT/Materials/MRT/Roads/Rails/M_Concrete_Panels.uasset" 234
"../../../../../../Users/sadiq/UnrealLiveWork/ExptSetup_V03/Content/MRT/Materials/MRT/Roads/Rails/M_Concrete_Panels_Standard.uasset" 235
"../../../../../../Users/sadiq/UnrealLiveWork/ExptSetup_V03/Content/MRT/Textures/T_Road_Noise.uasset" 236
"../../../../../../Users/sadiq/UnrealLiveWork/ExptSetup_V03/Content/MRT/Materials/MRT/Roads/SideWalk/M_RoadSide.uasset" 237
"../../../../../../Users/sadiq/UnrealLiveWork/ExptSetup_V03/Content/MRT/Materials/MRT/Roads/SideWalk/M_RoadSide_Standard.uasset" 238
"../../../../../../Users/sadiq/UnrealLiveWork/ExptSetup_V03/Content/MRT/Blueprints/Enums/BP_Enum_Conn_3Way_Sockets.uasset" 239
"../../../../../../Users/sadiq/UnrealLiveWork/ExptSetup_V03/Content/MRT/Blueprints/Enums/BP_Enum_RoadLanes.uasset" 240
"../../../../../../Users/sadiq/UnrealLiveWork/ExptSetup_V03/Content/MRT/Meshes/Connectors/1Lane/3Way/MRT_1_Conn_3Way.uasset" 241
"../../../../../../Users/sadiq/UnrealLiveWork/ExptSetup_V03/Content/MRT/Meshes/Connectors/1Lane/3Way/MRT_1_Conn_3Way_Rail.uasset" 242
"../../../../../../Users/sadiq/UnrealLiveWork/ExptSetup_V03/Content/MRT/Meshes/Connectors/1Lane/3Way/MRT_1_Conn_3Way_SW1.uasset" 243
"../../../../../../Users/sadiq/UnrealLiveWork/ExptSetup_V03/Content/MRT/Meshes/Connectors/1Lane/3Way/MRT_1_Conn_3Way_SW2.uasset" 244
"../../../../../../Users/sadiq/UnrealLiveWork/ExptSetup_V03/Content/MRT/Meshes/Connectors/1Lane/3Way/MRT_1_Conn_3Way_SW3.uasset" 245
"../../../../../../Users/sadiq/UnrealLiveWork/ExptSetup_V03/Content/MRT/Meshes/Connectors/2Lanes/3Way/MRT_2_Conn_3Way.uasset" 246
"../../../../../../Users/sadiq/UnrealLiveWork/ExptSetup_V03/Content/MRT/Meshes/Connectors/2Lanes/3Way/MRT_2_Conn_3Way_Rail.uasset" 247
"../../../../../../Users/sadiq/UnrealLiveWork/ExptSetup_V03/Content/MRT/Meshes/Connectors/2Lanes/3Way/MRT_2_Conn_3Way_SW1.uasset" 248
"../../../../../../Users/sadiq/UnrealLiveWork/ExptSetup_V03/Content/MRT/Meshes/Connectors/2Lanes/3Way/MRT_2_Conn_3Way_SW2.uasset" 249
"../../../../../../Users/sadiq/UnrealLiveWork/ExptSetup_V03/Content/MRT/Meshes/Connectors/2Lanes/3Way/MRT_2_Conn_3Way_SW3.uasset" 250
"../../../../../../Users/sadiq/UnrealLiveWork/ExptSetup_V03/Content/MRT/Blueprints/BP_RoadConn_3Way.uasset" 251
"../../../../../../Users/sadiq/UnrealLiveWork/ExptSetup_V03/Content/MRT/Textures/Connections/4Way/1L/MRT_1_Conn_4Way_Line1.uasset" 252
"../../../../../../Users/sadiq/UnrealLiveWork/ExptSetup_V03/Content/MRT/Textures/Connections/4Way/1L/MRT_1_Conn_4Way_Line2.uasset" 253
"../../../../../../Users/sadiq/UnrealLiveWork/ExptSetup_V03/Content/MRT/Textures/Connections/4Way/1L/MRT_1_Conn_4Way_Line3.uasset" 254
"../../../../../../Users/sadiq/UnrealLiveWork/ExptSetup_V03/Content/MRT/Textures/Connections/4Way/1L/MRT_1_Conn_4Way_Line4.uasset" 255
"../../../../../../Users/sadiq/UnrealLiveWork/ExptSetup_V03/Content/MRT/Materials/MRT/Connections/4Way/M_Conn4Way_1L.uasset" 256
"../../../../../../Users/sadiq/UnrealLiveWork/ExptSetup_V03/Content/MRT/Materials/MRT/Connections/4Way/M_Conn4Way_1L_Standard.uasset" 257
"../../../../../../Users/sadiq/UnrealLiveWork/ExptSetup_V03/Content/MRT/Textures/Connections/4Way/2L/MRT_2_Conn_4Way_Line1.uasset" 258
"../../../../../../Users/sadiq/UnrealLiveWork/ExptSetup_V03/Content/MRT/Textures/Connections/4Way/2L/MRT_2_Conn_4Way_Line2.uasset" 259
"../../../../../../Users/sadiq/UnrealLiveWork/ExptSetup_V03/Content/MRT/Textures/Connections/4Way/2L/MRT_2_Conn_4Way_Line3.uasset" 260
"../../../../../../Users/sadiq/UnrealLiveWork/ExptSetup_V03/Content/MRT/Textures/Connections/4Way/2L/MRT_2_Conn_4Way_Line4.uasset" 261
"../../../../../../Users/sadiq/UnrealLiveWork/ExptSetup_V03/Content/MRT/Materials/MRT/Connections/4Way/M_Conn4Way_2L.uasset" 262
"../../../../../../Users/sadiq/UnrealLiveWork/ExptSetup_V03/Content/MRT/Materials/MRT/Connections/4Way/M_Conn4Way_2L_Standard.uasset" 263
"../../../../../../Users/sadiq/UnrealLiveWork/ExptSetup_V03/Content/MRT/Blueprints/Enums/BP_Enum_Conn_4Way_Sockets.uasset" 264
"../../../../../../Users/sadiq/UnrealLiveWork/ExptSetup_V03/Content/MRT/Meshes/Connectors/1Lane/4Way/MRT_1_Conn_4Way.uasset" 265
"../../../../../../Users/sadiq/UnrealLiveWork/ExptSetup_V03/Content/MRT/Meshes/Connectors/1Lane/4Way/MRT_1_Conn_4Way_SW1.uasset" 266
"../../../../../../Users/sadiq/UnrealLiveWork/ExptSetup_V03/Content/MRT/Meshes/Connectors/1Lane/4Way/MRT_1_Conn_4Way_SW2.uasset" 267
"../../../../../../Users/sadiq/UnrealLiveWork/ExptSetup_V03/Content/MRT/Meshes/Connectors/1Lane/4Way/MRT_1_Conn_4Way_SW3.uasset" 268
"../../../../../../Users/sadiq/UnrealLiveWork/ExptSetup_V03/Content/MRT/Meshes/Connectors/1Lane/4Way/MRT_1_Conn_4Way_SW4.uasset" 269
"../../../../../../Users/sadiq/UnrealLiveWork/ExptSetup_V03/Content/MRT/Meshes/Connectors/2Lanes/4Way/MRT_2_Conn_4Way.uasset" 270
"../../../../../../Users/sadiq/UnrealLiveWork/ExptSetup_V03/Content/MRT/Meshes/Connectors/2Lanes/4Way/MRT_2_Conn_4Way_SW1.uasset" 271
"../../../../../../Users/sadiq/UnrealLiveWork/ExptSetup_V03/Content/MRT/Meshes/Connectors/2Lanes/4Way/MRT_2_Conn_4Way_SW2.uasset" 272
"../../../../../../Users/sadiq/UnrealLiveWork/ExptSetup_V03/Content/MRT/Meshes/Connectors/2Lanes/4Way/MRT_2_Conn_4Way_SW3.uasset" 273
"../../../../../../Users/sadiq/UnrealLiveWork/ExptSetup_V03/Content/MRT/Meshes/Connectors/2Lanes/4Way/MRT_2_Conn_4Way_SW4.uasset" 274
"../../../../../../Users/sadiq/UnrealLiveWork/ExptSetup_V03/Content/MRT/Blueprints/BP_RoadConn_4Way.uasset" 275
"../../../../../../Users/sadiq/UnrealLiveWork/ExptSetup_V03/Content/MRT/Blueprints/Structs/BP_Struct_RoadProperties.uasset" 276
"../../../../../../Users/sadiq/UnrealLiveWork/ExptSetup_V03/Content/MRT/Materials/MRT/Roads/LightPole/M_LightPole_Body.uasset" 277
"../../../../../../Users/sadiq/UnrealLiveWork/ExptSetup_V03/Content/MRT/Materials/MRT/Roads/LightPole/M_LightPole_Body_Standard.uasset" 278
"../../../../../../Users/sadiq/UnrealLiveWork/ExptSetup_V03/Content/MRT/Materials/MRT/Roads/LightPole/M_LightPole_Light.uasset" 279
"../../../../../../Users/sadiq/UnrealLiveWork/ExptSetup_V03/Content/MRT/Materials/MRT/Roads/LightPole/M_LightPole_Light_Standard.uasset" 280
"../../../../../../Users/sadiq/UnrealLiveWork/ExptSetup_V03/Content/MRT/Textures/Road_Lines/MRT_1/MRT_1_LineCenter.uasset" 281
"../../../../../../Users/sadiq/UnrealLiveWork/ExptSetup_V03/Content/MRT/Textures/Road_Lines/MRT_1/MRT_1_LineLeft.uasset" 282
"../../../../../../Users/sadiq/UnrealLiveWork/ExptSetup_V03/Content/MRT/Textures/Road_Lines/MRT_1/MRT_1_LineRight.uasset" 283
"../../../../../../Users/sadiq/UnrealLiveWork/ExptSetup_V03/Content/MRT/Materials/MRT/Roads/Road/M_MRT_1.uasset" 284
"../../../../../../Users/sadiq/UnrealLiveWork/ExptSetup_V03/Content/MRT/Materials/MRT/Roads/Road/M_MRT_1_Standard.uasset" 285
"../../../../../../Users/sadiq/UnrealLiveWork/ExptSetup_V03/Content/MRT/Textures/Road_Lines/MRT_2/MRT_2_LineCenter.uasset" 286
"../../../../../../Users/sadiq/UnrealLiveWork/ExptSetup_V03/Content/MRT/Textures/Road_Lines/MRT_2/MRT_2_LineLeft.uasset" 287
"../../../../../../Users/sadiq/UnrealLiveWork/ExptSetup_V03/Content/MRT/Textures/Road_Lines/MRT_2/MRT_2_LineRight.uasset" 288
"../../../../../../Users/sadiq/UnrealLiveWork/ExptSetup_V03/Content/MRT/Materials/MRT/Roads/Road/M_MRT_2.uasset" 289
"../../../../../../Users/sadiq/UnrealLiveWork/ExptSetup_V03/Content/MRT/Materials/MRT/Roads/Road/M_MRT_2Standard.uasset" 290
"../../../../../../Users/sadiq/UnrealLiveWork/ExptSetup_V03/Content/MRT/Blueprints/Enums/BP_Enum_Conn_Types.uasset" 291
"../../../../../../Users/sadiq/UnrealLiveWork/ExptSetup_V03/Content/MRT/Meshes/RoadMeshes/LightPoles/MRT_1_LightPole_L.uasset" 292
"../../../../../../Users/sadiq/UnrealLiveWork/ExptSetup_V03/Content/MRT/Meshes/RoadMeshes/LightPoles/MRT_1_LightPole_R.uasset" 293
"../../../../../../Users/sadiq/UnrealLiveWork/ExptSetup_V03/Content/MRT/Meshes/RoadMeshes/LightPoles/MRT_2_LightPole_L.uasset" 294
"../../../../../../Users/sadiq/UnrealLiveWork/ExptSetup_V03/Content/MRT/Meshes/RoadMeshes/LightPoles/MRT_2_LightPole_R.uasset" 295
"../../../../../../Users/sadiq/UnrealLiveWork/ExptSetup_V03/Content/MRT/Meshes/RoadMeshes/Pavement/MRT_1_Lane_Road.uasset" 296
"../../../../../../Users/sadiq/UnrealLiveWork/ExptSetup_V03/Content/MRT/Meshes/RoadMeshes/Pavement/MRT_2_Lane_Road.uasset" 297
"../../../../../../Users/sadiq/UnrealLiveWork/ExptSetup_V03/Content/MRT/Meshes/RoadMeshes/Rails/MRT_1_Lane_RL.uasset" 298
"../../../../../../Users/sadiq/UnrealLiveWork/ExptSetup_V03/Content/MRT/Meshes/RoadMeshes/Rails/MRT_1_Lane_RR.uasset" 299
"../../../../../../Users/sadiq/UnrealLiveWork/ExptSetup_V03/Content/MRT/Meshes/RoadMeshes/Rails/MRT_2_Lane_RL.uasset" 300
"../../../../../../Users/sadiq/UnrealLiveWork/ExptSetup_V03/Content/MRT/Meshes/RoadMeshes/Rails/MRT_2_Lane_RR.uasset" 301
"../../../../../../Users/sadiq/UnrealLiveWork/ExptSetup_V03/Content/MRT/Meshes/RoadMeshes/SideWalk/MRT_1_Lane_SWL.uasset" 302
"../../../../../../Users/sadiq/UnrealLiveWork/ExptSetup_V03/Content/MRT/Meshes/RoadMeshes/SideWalk/MRT_1_Lane_SWR.uasset" 303
"../../../../../../Users/sadiq/UnrealLiveWork/ExptSetup_V03/Content/MRT/Meshes/RoadMeshes/SideWalk/MRT_2_Lane_SWL.uasset" 304
"../../../../../../Users/sadiq/UnrealLiveWork/ExptSetup_V03/Content/MRT/Meshes/RoadMeshes/SideWalk/MRT_2_Lane_SWR.uasset" 305
"../../../../../../Users/sadiq/UnrealLiveWork/ExptSetup_V03/Content/MRT/Meshes/RoadMeshes/Support/Road_OneWay_1_Sup_Base.uasset" 306
"../../../../../../Users/sadiq/UnrealLiveWork/ExptSetup_V03/Content/MRT/Meshes/RoadMeshes/Support/Road_OneWay_1_Sup_Col.uasset" 307
"../../../../../../Users/sadiq/UnrealLiveWork/ExptSetup_V03/Content/MRT/Blueprints/BP_ModularRoadTool.uasset" 308
"../../../../../../Users/sadiq/UnrealLiveWork/ExptSetup_V03/Content/Blueprints/BP_ModularRoadTool_Pitch.uasset" 309
"../../../Engine/Content/EngineSky/C_Sky_Cloud_Color.uasset" 310
"../../../Engine/Content/EngineSky/C_Sky_Horizon_Color.uasset" 311
"../../../Engine/Content/EngineSky/C_Sky_Zenith_Color.uasset" 312
"../../../Engine/Content/EngineSky/T_Sky_Blue.uasset" 313
"../../../Engine/Content/EngineSky/T_Sky_Clouds_M.uasset" 314
"../../../Engine/Content/EngineSky/T_Sky_Stars.uasset" 315
"../../../Engine/Content/EngineSky/M_Sky_Panning_Clouds2.uasset" 316
"../../../Engine/Content/EngineSky/SM_SkySphere.uasset" 317
"../../../Engine/Content/EngineSky/BP_Sky_Sphere.uasset" 318
"../../../../../../Users/sadiq/UnrealLiveWork/ExptSetup_V03/Plugins/ViveTracking/Content/Blueprints/BP_TrackingLibrary.uasset" 319
"../../../../../../Users/sadiq/UnrealLiveWork/ExptSetup_V03/Content/Blueprints/TrackerDataExtraction.uasset" 320
"../../../../../../Users/sadiq/UnrealLiveWork/ExptSetup_V03/Content/Levels/Level_Pitch_BuiltData.uasset" 321
"../../../Engine/Content/Functions/Engine_MaterialFunctions02/Utility/BlendAngleCorrectedNormals.uasset" 322
"../../../Engine/Content/EngineMaterials/BlendFunc_DefBase.uasset" 323
"../../../Engine/Content/EngineMaterials/BlendFunc_DefBlend.uasset" 324
"../../../Engine/Content/Functions/Engine_MaterialFunctions03/Blends/Blend_ColorBurn.uasset" 325
"../../../../../../Users/sadiq/UnrealLiveWork/ExptSetup_V03/Content/PhotoR_Backgrounds/Textures/landscape_splat.uasset" 326
"../../../../../../Users/sadiq/UnrealLiveWork/ExptSetup_V03/Content/PhotoR_Backgrounds/Textures/SM_ground_gravel_b_n.uasset" 327
"../../../../../../Users/sadiq/UnrealLiveWork/ExptSetup_V03/Content/PhotoR_Backgrounds/Textures/SM_sand_pebbles_a_n.uasset" 328
"../../../../../../Users/sadiq/UnrealLiveWork/ExptSetup_V03/Content/PhotoR_Backgrounds/Textures/SM_soil_desert_a_d.uasset" 329
"../../../../../../Users/sadiq/UnrealLiveWork/ExptSetup_V03/Content/PhotoR_Backgrounds/Textures/SM_soil_desert_b_d.uasset" 330
"../../../../../../Users/sadiq/UnrealLiveWork/ExptSetup_V03/Content/PhotoR_Backgrounds/Textures/SM_soil_desert_b_n.uasset" 331
"../../../../../../Users/sadiq/UnrealLiveWork/ExptSetup_V03/Content/PhotoR_Backgrounds/Textures/snow_terrain_n.uasset" 332
"../../../../../../Users/sadiq/UnrealLiveWork/ExptSetup_V03/Content/PhotoR_Backgrounds/Materials/desert_terrain.uasset" 333
"../../../Engine/Content/EngineMaterials/DefaultPhysicalMaterial.uasset" 334
"../../../Engine/Content/MapTemplates/SM_Template_Map_Floor.uasset" 335
"../../../../../../Users/sadiq/UnrealLiveWork/ExptSetup_V03/Content/Levels/Level_Pitch.umap" 336
"../../../../../../Users/sadiq/UnrealLiveWork/ExptSetup_V03/Content/Levels/Level_Pitch_NoMotion_BuiltData.uasset" 337
"../../../../../../Users/sadiq/UnrealLiveWork/ExptSetup_V03/Content/Levels/Level_Pitch_NoMotion.umap" 338
"../../../../../../Users/sadiq/UnrealLiveWork/ExptSetup_V03/Content/Blueprints/BP_ModularRoadTool_Roll.uasset" 339
"../../../../../../Users/sadiq/UnrealLiveWork/ExptSetup_V03/Content/Levels/Level_Roll_BuiltData.uasset" 340
"../../../../../../Users/sadiq/UnrealLiveWork/ExptSetup_V03/Content/Levels/Level_Roll.umap" 341
"../../../../../../Users/sadiq/UnrealLiveWork/ExptSetup_V03/Content/Blueprints/BP_ModularRoadTool_RollYaw.uasset" 342
"../../../../../../Users/sadiq/UnrealLiveWork/ExptSetup_V03/Content/Levels/Level_RollYaw_BuiltData.uasset" 343
"../../../../../../Users/sadiq/UnrealLiveWork/ExptSetup_V03/Content/Levels/Level_RollYaw.umap" 344
"../../../../../../Users/sadiq/UnrealLiveWork/ExptSetup_V03/Content/Levels/Level_RollYaw_NoMotion_BuiltData.uasset" 345
"../../../../../../Users/sadiq/UnrealLiveWork/ExptSetup_V03/Content/Levels/Level_RollYaw_NoMotion.umap" 346
"../../../../../../Users/sadiq/UnrealLiveWork/ExptSetup_V03/Content/Levels/Level_Roll_NoMotion_BuiltData.uasset" 347
"../../../../../../Users/sadiq/UnrealLiveWork/ExptSetup_V03/Content/Levels/Level_Roll_NoMotion.umap" 348
"../../../../../../Users/sadiq/UnrealLiveWork/ExptSetup_V03/Content/Blueprints/BP_ModularRoadTool_Training.uasset" 349
"../../../../../../Users/sadiq/UnrealLiveWork/ExptSetup_V03/Content/Levels/Level_Training_BuiltData.uasset" 350
"../../../../../../Users/sadiq/UnrealLiveWork/ExptSetup_V03/Content/Levels/Level_Training.umap" 351
"../../../../../../Users/sadiq/UnrealLiveWork/ExptSetup_V03/Content/Blueprints/BP_ModularRoadTool_Yaw.uasset" 352
"../../../../../../Users/sadiq/UnrealLiveWork/ExptSetup_V03/Content/Levels/Level_Yaw_BuiltData.uasset" 353
"../../../../../../Users/sadiq/UnrealLiveWork/ExptSetup_V03/Content/Levels/Level_Yaw.umap" 354
"../../../../../../Users/sadiq/UnrealLiveWork/ExptSetup_V03/Content/Blueprints/BP_OrderSelector.uasset" 355
"../../../../../../Users/sadiq/UnrealLiveWork/ExptSetup_V03/Content/Levels/MainMenu_BuiltData.uasset" 356
"../../../../../../Users/sadiq/UnrealLiveWork/ExptSetup_V03/Content/Levels/MainMenu.umap" 357
"../../../Engine/Content/Maps/Entry_BuiltData.uasset" 358
"../../../Engine/Content/Maps/Entry.umap" 359
